Sat Oct 15 16:36:24 NZDT 2022 : Apache Derby Network Server - 10.14.2.0 - (1828579) started and ready to accept connections on port 1527
----------------------------------------------------------------
Sat Oct 15 16:36:24 NZDT 2022:
Booting Derby version The Apache Software Foundation - Apache Derby - 10.14.2.0 - (1828579): instance a816c00e-0183-d9b6-df1a-0000247e0a01 
on database directory C:\Users\Lahndrick Hendricks\Desktop\src\Inventory_System\Database\InventoryDB with class loader jdk.internal.loader.ClassLoaders$AppClassLoader@73d16e93 
Loaded from file:/C:/Users/Lahndrick%20Hendricks/Desktop/db-derby-10.14.2.0-lib/lib/derby.jar
java.vendor=Oracle Corporation
java.runtime.version=17.0.2+8-LTS-86
user.dir=C:\Users\Lahndrick Hendricks\Desktop\db-derby-10.14.2.0-lib
os.name=Windows 10
os.arch=amd64
os.version=10.0
derby.system.home=C:\Users\Lahndrick Hendricks\Desktop\src\Inventory_System\Database
Database Class Loader started - derby.database.classpath=''
----------------------------------------------------------------
Sat Oct 15 16:36:25 NZDT 2022:
Shutting down instance a816c00e-0183-d9b6-df1a-0000247e0a01 on database directory C:\Users\Lahndrick Hendricks\Desktop\src\Inventory_System\Database\InventoryDB with class loader jdk.internal.loader.ClassLoaders$AppClassLoader@73d16e93 
Sat Oct 15 16:36:25 NZDT 2022 Thread[DRDAConnThread_2,5,main] (DATABASE = InventoryDB), (DRDAID = {2}), Database 'InventoryDB' shutdown.
----------------------------------------------------------------
Sat Oct 15 17:05:01 NZDT 2022:
Booting Derby version The Apache Software Foundation - Apache Derby - 10.14.2.0 - (1828579): instance 6ede40af-0183-d9b6-df1a-0000247e0a01 
on database directory C:\Users\Lahndrick Hendricks\Desktop\src\Inventory_System\Database\InventoryDB with class loader jdk.internal.loader.ClassLoaders$AppClassLoader@73d16e93 
Loaded from file:/C:/Users/Lahndrick%20Hendricks/Desktop/db-derby-10.14.2.0-lib/lib/derby.jar
java.vendor=Oracle Corporation
java.runtime.version=17.0.2+8-LTS-86
user.dir=C:\Users\Lahndrick Hendricks\Desktop\db-derby-10.14.2.0-lib
os.name=Windows 10
os.arch=amd64
os.version=10.0
derby.system.home=C:\Users\Lahndrick Hendricks\Desktop\src\Inventory_System\Database
Database Class Loader started - derby.database.classpath=''
Sat Oct 15 17:12:47 NZDT 2022 Thread[DRDAConnThread_3,5,main] Cleanup action starting
java.sql.SQLException: Database 'db-derby' not found.
	at org.apache.derby.impl.jdbc.SQLExceptionFactory.getSQLException(Unknown Source)
	at org.apache.derby.impl.jdbc.SQLExceptionFactory.getSQLException(Unknown Source)
	at org.apache.derby.impl.jdbc.Util.generateCsSQLException(Unknown Source)
	at org.apache.derby.impl.jdbc.Util.generateCsSQLException(Unknown Source)
	at org.apache.derby.impl.jdbc.EmbedConnection.newSQLException(Unknown Source)
	at org.apache.derby.impl.jdbc.EmbedConnection.handleDBNotFound(Unknown Source)
	at org.apache.derby.impl.jdbc.EmbedConnection.<init>(Unknown Source)
	at org.apache.derby.jdbc.InternalDriver$1.run(Unknown Source)
	at org.apache.derby.jdbc.InternalDriver$1.run(Unknown Source)
	at java.base/java.security.AccessController.doPrivileged(AccessController.java:569)
	at org.apache.derby.jdbc.InternalDriver.getNewEmbedConnection(Unknown Source)
	at org.apache.derby.jdbc.InternalDriver.connect(Unknown Source)
	at org.apache.derby.jdbc.InternalDriver.connect(Unknown Source)
	at org.apache.derby.jdbc.EmbeddedDriver.connect(Unknown Source)
	at org.apache.derby.impl.drda.Database.makeConnection(Unknown Source)
	at org.apache.derby.impl.drda.DRDAConnThread.getConnFromDatabaseName(Unknown Source)
	at org.apache.derby.impl.drda.DRDAConnThread.verifyUserIdPassword(Unknown Source)
	at org.apache.derby.impl.drda.DRDAConnThread.parseSECCHK(Unknown Source)
	at org.apache.derby.impl.drda.DRDAConnThread.parseDRDAConnection(Unknown Source)
	at org.apache.derby.impl.drda.DRDAConnThread.processCommands(Unknown Source)
	at org.apache.derby.impl.drda.DRDAConnThread.run(Unknown Source)
Caused by: ERROR XJ004: Database 'db-derby' not found.
	at org.apache.derby.iapi.error.StandardException.newException(Unknown Source)
	at org.apache.derby.impl.jdbc.SQLExceptionFactory.wrapArgsForTransportAcrossDRDA(Unknown Source)
	... 21 more
============= begin nested exception, level (1) ===========
ERROR XJ004: Database 'db-derby' not found.
	at org.apache.derby.iapi.error.StandardException.newException(Unknown Source)
	at org.apache.derby.impl.jdbc.SQLExceptionFactory.wrapArgsForTransportAcrossDRDA(Unknown Source)
	at org.apache.derby.impl.jdbc.SQLExceptionFactory.getSQLException(Unknown Source)
	at org.apache.derby.impl.jdbc.SQLExceptionFactory.getSQLException(Unknown Source)
	at org.apache.derby.impl.jdbc.Util.generateCsSQLException(Unknown Source)
	at org.apache.derby.impl.jdbc.Util.generateCsSQLException(Unknown Source)
	at org.apache.derby.impl.jdbc.EmbedConnection.newSQLException(Unknown Source)
	at org.apache.derby.impl.jdbc.EmbedConnection.handleDBNotFound(Unknown Source)
	at org.apache.derby.impl.jdbc.EmbedConnection.<init>(Unknown Source)
	at org.apache.derby.jdbc.InternalDriver$1.run(Unknown Source)
	at org.apache.derby.jdbc.InternalDriver$1.run(Unknown Source)
	at java.base/java.security.AccessController.doPrivileged(AccessController.java:569)
	at org.apache.derby.jdbc.InternalDriver.getNewEmbedConnection(Unknown Source)
	at org.apache.derby.jdbc.InternalDriver.connect(Unknown Source)
	at org.apache.derby.jdbc.InternalDriver.connect(Unknown Source)
	at org.apache.derby.jdbc.EmbeddedDriver.connect(Unknown Source)
	at org.apache.derby.impl.drda.Database.makeConnection(Unknown Source)
	at org.apache.derby.impl.drda.DRDAConnThread.getConnFromDatabaseName(Unknown Source)
	at org.apache.derby.impl.drda.DRDAConnThread.verifyUserIdPassword(Unknown Source)
	at org.apache.derby.impl.drda.DRDAConnThread.parseSECCHK(Unknown Source)
	at org.apache.derby.impl.drda.DRDAConnThread.parseDRDAConnection(Unknown Source)
	at org.apache.derby.impl.drda.DRDAConnThread.processCommands(Unknown Source)
	at org.apache.derby.impl.drda.DRDAConnThread.run(Unknown Source)
============= end nested exception, level (1) ===========
Cleanup action completed
Sat Oct 15 17:12:47 NZDT 2022 Thread[DRDAConnThread_3,5,main] (DATABASE = db-derby), (DRDAID = {4}), Database 'db-derby' not found.
----------------------------------------------------------------
Sat Oct 15 21:25:32 NZDT 2022: Shutting down Derby engine
----------------------------------------------------------------
Sat Oct 15 21:25:32 NZDT 2022:
Shutting down instance 6ede40af-0183-d9b6-df1a-0000247e0a01 on database directory C:\Users\Lahndrick Hendricks\Desktop\src\Inventory_System\Database\InventoryDB with class loader jdk.internal.loader.ClassLoaders$AppClassLoader@73d16e93 
----------------------------------------------------------------
